F:\HAGENBERG\EPR_UE\ABGABE3\A1\DEBUG\A1.OBJ
F:\HAGENBERG\EPR_UE\ABGABE3\A1\DEBUG\VC110.PDB
F:\HAGENBERG\EPR_UE\ABGABE3\DEBUG\A1.ILK
F:\HAGENBERG\EPR_UE\ABGABE3\DEBUG\A1.EXE
F:\HAGENBERG\EPR_UE\ABGABE3\DEBUG\A1.PDB
C:\Users\WOLFGANG\Documents\GitHub\EPRUE_UEZ3\a1\Debug\a1.obj
C:\Users\WOLFGANG\Documents\GitHub\EPRUE_UEZ3\a1\Debug\cl.command.1.tlog
C:\Users\WOLFGANG\Documents\GitHub\EPRUE_UEZ3\a1\Debug\CL.read.1.tlog
C:\Users\WOLFGANG\Documents\GitHub\EPRUE_UEZ3\a1\Debug\CL.write.1.tlog
C:\Users\WOLFGANG\Documents\GitHub\EPRUE_UEZ3\a1\Debug\link-cvtres.read.1.tlog
C:\Users\WOLFGANG\Documents\GitHub\EPRUE_UEZ3\a1\Debug\link-cvtres.write.1.tlog
C:\Users\WOLFGANG\Documents\GitHub\EPRUE_UEZ3\a1\Debug\link-rc.read.1.tlog
C:\Users\WOLFGANG\Documents\GitHub\EPRUE_UEZ3\a1\Debug\link-rc.write.1.tlog
C:\Users\WOLFGANG\Documents\GitHub\EPRUE_UEZ3\a1\Debug\link.command.1.tlog
C:\Users\WOLFGANG\Documents\GitHub\EPRUE_UEZ3\a1\Debug\link.read.1.tlog
C:\Users\WOLFGANG\Documents\GitHub\EPRUE_UEZ3\a1\Debug\link.write.1.tlog
C:\Users\WOLFGANG\Documents\GitHub\EPRUE_UEZ3\a1\Debug\vc110.idb
C:\Users\WOLFGANG\Documents\GitHub\EPRUE_UEZ3\a1\Debug\vc110.pdb
C:\Users\WOLFGANG\Documents\GitHub\EPRUE_UEZ3\Debug\a1.pdb
C:\Users\WOLFGANG\Documents\GitHub\EPRUE_UEZ3\Debug\a1.exe
C:\Users\WOLFGANG\Documents\GitHub\EPRUE_UEZ3\Debug\a1.ilk
