C:\USERS\WOLFGANG\DOCUMENTS\GITHUB\EPRUE_UEZ3\A3\DEBUG\VC110.PDB
C:\USERS\WOLFGANG\DOCUMENTS\GITHUB\EPRUE_UEZ3\A3\DEBUG\A3.OBJ
F:\HAGENBERG\EPR_UE\ABGABE3\A3\DEBUG\VC110.PDB
C:\USERS\WOLFGANG\DOCUMENTS\GITHUB\EPRUE_UEZ3\DEBUG\A3.ILK
C:\USERS\WOLFGANG\DOCUMENTS\GITHUB\EPRUE_UEZ3\DEBUG\A3.EXE
C:\USERS\WOLFGANG\DOCUMENTS\GITHUB\EPRUE_UEZ3\DEBUG\A3.PDB
F:\Hagenberg\EPR_UE\Abgabe3\a3\Debug\a3.obj
F:\Hagenberg\EPR_UE\Abgabe3\a3\Debug\cl.command.1.tlog
F:\Hagenberg\EPR_UE\Abgabe3\a3\Debug\CL.read.1.tlog
F:\Hagenberg\EPR_UE\Abgabe3\a3\Debug\CL.write.1.tlog
F:\Hagenberg\EPR_UE\Abgabe3\a3\Debug\link-cvtres.read.1.tlog
F:\Hagenberg\EPR_UE\Abgabe3\a3\Debug\link-cvtres.write.1.tlog
F:\Hagenberg\EPR_UE\Abgabe3\a3\Debug\link-rc.read.1.tlog
F:\Hagenberg\EPR_UE\Abgabe3\a3\Debug\link-rc.write.1.tlog
F:\Hagenberg\EPR_UE\Abgabe3\a3\Debug\link.command.1.tlog
F:\Hagenberg\EPR_UE\Abgabe3\a3\Debug\link.read.1.tlog
F:\Hagenberg\EPR_UE\Abgabe3\a3\Debug\link.write.1.tlog
F:\Hagenberg\EPR_UE\Abgabe3\a3\Debug\vc110.idb
F:\Hagenberg\EPR_UE\Abgabe3\a3\Debug\vc110.pdb
F:\Hagenberg\EPR_UE\Abgabe3\Debug\a3.pdb
F:\Hagenberg\EPR_UE\Abgabe3\Debug\a3.exe
F:\Hagenberg\EPR_UE\Abgabe3\Debug\a3.ilk
