F:\HAGENBERG\EPR_UE\ABGABE3\A4\DEBUG\A4.OBJ
F:\HAGENBERG\EPR_UE\ABGABE3\A4\DEBUG\VC110.PDB
F:\HAGENBERG\EPR_UE\ABGABE3\DEBUG\A4.ILK
F:\HAGENBERG\EPR_UE\ABGABE3\DEBUG\A4.EXE
F:\HAGENBERG\EPR_UE\ABGABE3\DEBUG\A4.PDB
F:\Hagenberg\EPR_UE\Abgabe3\a4\Debug\a4.obj
F:\Hagenberg\EPR_UE\Abgabe3\a4\Debug\cl.command.1.tlog
F:\Hagenberg\EPR_UE\Abgabe3\a4\Debug\CL.read.1.tlog
F:\Hagenberg\EPR_UE\Abgabe3\a4\Debug\CL.write.1.tlog
F:\Hagenberg\EPR_UE\Abgabe3\a4\Debug\link-cvtres.read.1.tlog
F:\Hagenberg\EPR_UE\Abgabe3\a4\Debug\link-cvtres.write.1.tlog
F:\Hagenberg\EPR_UE\Abgabe3\a4\Debug\link-rc.read.1.tlog
F:\Hagenberg\EPR_UE\Abgabe3\a4\Debug\link-rc.write.1.tlog
F:\Hagenberg\EPR_UE\Abgabe3\a4\Debug\link.command.1.tlog
F:\Hagenberg\EPR_UE\Abgabe3\a4\Debug\link.read.1.tlog
F:\Hagenberg\EPR_UE\Abgabe3\a4\Debug\link.write.1.tlog
F:\Hagenberg\EPR_UE\Abgabe3\a4\Debug\vc110.idb
F:\Hagenberg\EPR_UE\Abgabe3\a4\Debug\vc110.pdb
F:\Hagenberg\EPR_UE\Abgabe3\Debug\a4.pdb
F:\Hagenberg\EPR_UE\Abgabe3\Debug\a4.exe
F:\Hagenberg\EPR_UE\Abgabe3\Debug\a4.ilk
