C:\USERS\WOLFGANG\DOCUMENTS\GITHUB\EPRUE_UEZ3\A2\DEBUG\A2.OBJ
C:\USERS\WOLFGANG\DOCUMENTS\GITHUB\EPRUE_UEZ3\A2\DEBUG\VC110.PDB
C:\USERS\WOLFGANG\DOCUMENTS\GITHUB\EPRUE_UEZ3\DEBUG\A2.ILK
C:\USERS\WOLFGANG\DOCUMENTS\GITHUB\EPRUE_UEZ3\DEBUG\A2.EXE
C:\USERS\WOLFGANG\DOCUMENTS\GITHUB\EPRUE_UEZ3\DEBUG\A2.PDB
F:\Hagenberg\EPR_UE\Abgabe3\a2\Debug\a2.obj
F:\Hagenberg\EPR_UE\Abgabe3\a2\Debug\cl.command.1.tlog
F:\Hagenberg\EPR_UE\Abgabe3\a2\Debug\CL.read.1.tlog
F:\Hagenberg\EPR_UE\Abgabe3\a2\Debug\CL.write.1.tlog
F:\Hagenberg\EPR_UE\Abgabe3\a2\Debug\link-cvtres.read.1.tlog
F:\Hagenberg\EPR_UE\Abgabe3\a2\Debug\link-cvtres.write.1.tlog
F:\Hagenberg\EPR_UE\Abgabe3\a2\Debug\link-rc.read.1.tlog
F:\Hagenberg\EPR_UE\Abgabe3\a2\Debug\link-rc.write.1.tlog
F:\Hagenberg\EPR_UE\Abgabe3\a2\Debug\link.command.1.tlog
F:\Hagenberg\EPR_UE\Abgabe3\a2\Debug\link.read.1.tlog
F:\Hagenberg\EPR_UE\Abgabe3\a2\Debug\link.write.1.tlog
F:\Hagenberg\EPR_UE\Abgabe3\a2\Debug\vc110.idb
F:\Hagenberg\EPR_UE\Abgabe3\a2\Debug\vc110.pdb
F:\Hagenberg\EPR_UE\Abgabe3\Debug\a2.pdb
F:\Hagenberg\EPR_UE\Abgabe3\Debug\a2.exe
F:\Hagenberg\EPR_UE\Abgabe3\Debug\a2.ilk
